<?xml version="1.0" encoding="UTF-8"?>
<Site BuildName="(empty)"
	BuildStamp="20240509-2105-Experimental"
	Name="Ubuntu-20"
	Generator="ctest-3.16.3"
	CompilerName="/usr/bin/g++"
	CompilerVersion="9.4.0"
	OSName="Linux"
	Hostname="Ubuntu-20"
	OSRelease="5.15.0-105-generic"
	OSVersion="#115~20.04.1-Ubuntu SMP Mon Apr 15 17:33:04 UTC 2024"
	OSPlatform="x86_64"
	Is64Bits="1"
	VendorString="AuthenticAMD"
	VendorID="Advanced Micro Devices"
	FamilyID="25"
	ModelID="80"
	ProcessorCacheSize="512"
	NumberOfLogicalCPU="6"
	NumberOfPhysicalCPU="6"
	TotalVirtualMemory="1497"
	TotalPhysicalMemory="7937"
	LogicalProcessorsPerPhysical="1"
	ProcessorClockFrequency="3892.58"
	>
	<Testing>
		<StartDateTime>May 09 16:46 -05</StartDateTime>
		<StartTestTime>1715291173</StartTestTime>
		<TestList/>
		<EndDateTime>May 09 16:46 -05</EndDateTime>
		<EndTestTime>1715291173</EndTestTime>
		<ElapsedMinutes>0</ElapsedMinutes>
	</Testing>
</Site>
