<?xml version="1.0" encoding="UTF-8"?>
<Site BuildName="(empty)"
	BuildStamp="20240515-0553-Experimental"
	Name="Ubuntu-20"
	Generator="ctest-3.16.3"
	CompilerName="/usr/bin/g++"
	CompilerVersion="9.4.0"
	OSName="Linux"
	Hostname="Ubuntu-20"
	OSRelease="5.15.0-107-generic"
	OSVersion="#117~20.04.1-Ubuntu SMP Tue Apr 30 10:35:57 UTC 2024"
	OSPlatform="x86_64"
	Is64Bits="1"
	VendorString="AuthenticAMD"
	VendorID="Advanced Micro Devices"
	FamilyID="25"
	ModelID="80"
	ProcessorCacheSize="512"
	NumberOfLogicalCPU="6"
	NumberOfPhysicalCPU="6"
	TotalVirtualMemory="1497"
	TotalPhysicalMemory="7937"
	LogicalProcessorsPerPhysical="1"
	ProcessorClockFrequency="3892.59"
	>
	<Testing>
		<StartDateTime>May 15 12:33 -05</StartDateTime>
		<StartTestTime>1715794386</StartTestTime>
		<TestList/>
		<EndDateTime>May 15 12:33 -05</EndDateTime>
		<EndTestTime>1715794386</EndTestTime>
		<ElapsedMinutes>0</ElapsedMinutes>
	</Testing>
</Site>
